<?xml version="1.0" encoding="UTF-8"?>
<!-- Generated by org.testng.reporters.JUnitReportReporter -->
<testsuite hostname="Abhijits-MacBook-Pro.local" failures="0" tests="1" name="UserTest" time="1.850" errors="0" timestamp="2022-08-03T20:22:57 IST" skipped="0">
  <testcase classname="UserTest" name="getUser" time="1.850"/>
</testsuite> <!-- UserTest -->
